# JRE version: Java(TM) SE Runtime Environment (23.0.1+11) (build 23.0.1+11-39)
# Java VM: Java HotSpot(TM) 64-Bit Server VM (23.0.1+11-39, mixed mode, sharing, tiered, compressed oops, compressed class ptrs, g1 gc, windows-amd64)
GC Precious Log:
 CardTable entry size: 512
 Card Set container configuration: InlinePtr #cards 4 size 8 Array Of Cards #cards 16 size 48 Howl #buckets 8 coarsen threshold 3686 Howl Bitmap #cards 512 size 80 coarsen threshold 460 Card regions per heap region 1 cards per card region 4096
 CPUs: 20 total, 20 available
 Memory: 16069M
 Large Page Support: Disabled
 NUMA Support: Disabled
 Compressed Oops: Enabled (Zero based)
 Heap Region Size: 2M
 Heap Min Capacity: 8M
 Heap Initial Capacity: 252M
 Heap Max Capacity: 4018M
 Pre-touch: Disabled
 Parallel Workers: 15
 Concurrent Workers: 4
 Concurrent Refinement Workers: 15
 Periodic GC: Disabled
 String Deduplication is enabled
Heap:
 garbage-first heap   total reserved 4114432K, committed 362496K, used 205242K [0x0000000704e00000, 0x0000000800000000)
  region size 2048K, 31 young (63488K), 9 survivors (18432K)
 Metaspace       used 123161K, committed 127296K, reserved 1179648K
  class space    used 14858K, committed 16640K, reserved 1048576K
GC Heap History (20 events):
Event: 9458.338 GC heap before
{Heap before GC invocations=75 (full 0):
 garbage-first heap   total reserved 4114432K, committed 362496K, used 333840K [0x0000000704e00000, 0x0000000800000000)
  region size 2048K, 89 young (182272K), 3 survivors (6144K)
 Metaspace       used 123149K, committed 127104K, reserved 1179648K
  class space    used 14940K, committed 16640K, reserved 1048576K
}
Event: 9458.360 GC heap after
{Heap after GC invocations=76 (full 0):
 garbage-first heap   total reserved 4114432K, committed 362496K, used 162311K [0x0000000704e00000, 0x0000000800000000)
  region size 2048K, 5 young (10240K), 5 survivors (10240K)
 Metaspace       used 123149K, committed 127104K, reserved 1179648K
  class space    used 14940K, committed 16640K, reserved 1048576K
}
Event: 60611.171 GC heap before
{Heap before GC invocations=77 (full 0):
 garbage-first heap   total reserved 4114432K, committed 362496K, used 330247K [0x0000000704e00000, 0x0000000800000000)
  region size 2048K, 87 young (178176K), 5 survivors (10240K)
 Metaspace       used 122859K, committed 127168K, reserved 1179648K
  class space    used 14849K, committed 16640K, reserved 1048576K
}
Event: 60611.248 GC heap after
{Heap after GC invocations=78 (full 0):
 garbage-first heap   total reserved 4114432K, committed 362496K, used 164785K [0x0000000704e00000, 0x0000000800000000)
  region size 2048K, 6 young (12288K), 6 survivors (12288K)
 Metaspace       used 122859K, committed 127168K, reserved 1179648K
  class space    used 14849K, committed 16640K, reserved 1048576K
}
Event: 62317.278 GC heap before
{Heap before GC invocations=78 (full 0):
 garbage-first heap   total reserved 4114432K, committed 362496K, used 326577K [0x0000000704e00000, 0x0000000800000000)
  region size 2048K, 85 young (174080K), 6 survivors (12288K)
 Metaspace       used 122948K, committed 127168K, reserved 1179648K
  class space    used 14852K, committed 16640K, reserved 1048576K
}
Event: 62317.320 GC heap after
{Heap after GC invocations=79 (full 0):
 garbage-first heap   total reserved 4114432K, committed 362496K, used 158431K [0x0000000704e00000, 0x0000000800000000)
  region size 2048K, 5 young (10240K), 5 survivors (10240K)
 Metaspace       used 122948K, committed 127168K, reserved 1179648K
  class space    used 14852K, committed 16640K, reserved 1048576K
}
Event: 62418.034 GC heap before
{Heap before GC invocations=79 (full 0):
 garbage-first heap   total reserved 4114432K, committed 362496K, used 330463K [0x0000000704e00000, 0x0000000800000000)
  region size 2048K, 89 young (182272K), 5 survivors (10240K)
 Metaspace       used 123065K, committed 127296K, reserved 1179648K
  class space    used 14856K, committed 16640K, reserved 1048576K
}
Event: 62418.043 GC heap after
{Heap after GC invocations=80 (full 0):
 garbage-first heap   total reserved 4114432K, committed 362496K, used 155093K [0x0000000704e00000, 0x0000000800000000)
  region size 2048K, 3 young (6144K), 3 survivors (6144K)
 Metaspace       used 123065K, committed 127296K, reserved 1179648K
  class space    used 14856K, committed 16640K, reserved 1048576K
}
Event: 62430.023 GC heap before
{Heap before GC invocations=81 (full 0):
 garbage-first heap   total reserved 4114432K, committed 362496K, used 335317K [0x0000000704e00000, 0x0000000800000000)
  region size 2048K, 91 young (186368K), 3 survivors (6144K)
 Metaspace       used 123067K, committed 127296K, reserved 1179648K
  class space    used 14855K, committed 16640K, reserved 1048576K
}
Event: 62430.032 GC heap after
{Heap after GC invocations=82 (full 0):
 garbage-first heap   total reserved 4114432K, committed 362496K, used 154762K [0x0000000704e00000, 0x0000000800000000)
  region size 2048K, 3 young (6144K), 3 survivors (6144K)
 Metaspace       used 123067K, committed 127296K, reserved 1179648K
  class space    used 14855K, committed 16640K, reserved 1048576K
}
Event: 62667.590 GC heap before
{Heap before GC invocations=82 (full 0):
 garbage-first heap   total reserved 4114432K, committed 362496K, used 334986K [0x0000000704e00000, 0x0000000800000000)
  region size 2048K, 91 young (186368K), 3 survivors (6144K)
 Metaspace       used 123080K, committed 127296K, reserved 1179648K
  class space    used 14855K, committed 16640K, reserved 1048576K
}
Event: 62667.608 GC heap after
{Heap after GC invocations=83 (full 0):
 garbage-first heap   total reserved 4114432K, committed 362496K, used 150874K [0x0000000704e00000, 0x0000000800000000)
  region size 2048K, 3 young (6144K), 3 survivors (6144K)
 Metaspace       used 123080K, committed 127296K, reserved 1179648K
  class space    used 14855K, committed 16640K, reserved 1048576K
}
Event: 62672.402 GC heap before
{Heap before GC invocations=83 (full 0):
 garbage-first heap   total reserved 4114432K, committed 362496K, used 333146K [0x0000000704e00000, 0x0000000800000000)
  region size 2048K, 92 young (188416K), 3 survivors (6144K)
 Metaspace       used 123083K, committed 127296K, reserved 1179648K
  class space    used 14855K, committed 16640K, reserved 1048576K
}
Event: 62672.411 GC heap after
{Heap after GC invocations=84 (full 0):
 garbage-first heap   total reserved 4114432K, committed 362496K, used 151084K [0x0000000704e00000, 0x0000000800000000)
  region size 2048K, 3 young (6144K), 3 survivors (6144K)
 Metaspace       used 123083K, committed 127296K, reserved 1179648K
  class space    used 14855K, committed 16640K, reserved 1048576K
}
Event: 62677.726 GC heap before
{Heap before GC invocations=85 (full 0):
 garbage-first heap   total reserved 4114432K, committed 362496K, used 333356K [0x0000000704e00000, 0x0000000800000000)
  region size 2048K, 92 young (188416K), 3 survivors (6144K)
 Metaspace       used 123131K, committed 127296K, reserved 1179648K
  class space    used 14858K, committed 16640K, reserved 1048576K
}
Event: 62677.732 GC heap after
{Heap after GC invocations=86 (full 0):
 garbage-first heap   total reserved 4114432K, committed 362496K, used 151531K [0x0000000704e00000, 0x0000000800000000)
  region size 2048K, 3 young (6144K), 3 survivors (6144K)
 Metaspace       used 123131K, committed 127296K, reserved 1179648K
  class space    used 14858K, committed 16640K, reserved 1048576K
}
Event: 62735.545 GC heap before
{Heap before GC invocations=86 (full 0):
 garbage-first heap   total reserved 4114432K, committed 362496K, used 333803K [0x0000000704e00000, 0x0000000800000000)
  region size 2048K, 92 young (188416K), 3 survivors (6144K)
 Metaspace       used 123148K, committed 127296K, reserved 1179648K
  class space    used 14858K, committed 16640K, reserved 1048576K
}
Event: 62735.564 GC heap after
{Heap after GC invocations=87 (full 0):
 garbage-first heap   total reserved 4114432K, committed 362496K, used 149244K [0x0000000704e00000, 0x0000000800000000)
  region size 2048K, 3 young (6144K), 3 survivors (6144K)
 Metaspace       used 123148K, committed 127296K, reserved 1179648K
  class space    used 14858K, committed 16640K, reserved 1048576K
}
Event: 64039.314 GC heap before
{Heap before GC invocations=87 (full 0):
 garbage-first heap   total reserved 4114432K, committed 362496K, used 335612K [0x0000000704e00000, 0x0000000800000000)
  region size 2048K, 94 young (192512K), 3 survivors (6144K)
 Metaspace       used 123159K, committed 127296K, reserved 1179648K
  class space    used 14858K, committed 16640K, reserved 1048576K
}
Event: 64039.364 GC heap after
{Heap after GC invocations=88 (full 0):
 garbage-first heap   total reserved 4114432K, committed 362496K, used 162234K [0x0000000704e00000, 0x0000000800000000)
  region size 2048K, 9 young (18432K), 9 survivors (18432K)
 Metaspace       used 123159K, committed 127296K, reserved 1179648K
  class space    used 14858K, committed 16640K, reserved 1048576K
}

